0 verbose cli C:\Program Files\nodejs\node.exe C:\Users\Dell\AppData\Roaming\npm\node_modules\npm\bin\npm-cli.js
1 info using npm@11.1.0
2 info using node@v22.14.0
3 silly config load:file:C:\Users\Dell\AppData\Roaming\npm\node_modules\npm\npmrc
4 silly config load:file:E:\backend learn\ecommerce_nodejs\.npmrc
5 silly config load:file:C:\Users\Dell\.npmrc
6 silly config load:file:C:\Users\Dell\AppData\Roaming\npm\etc\npmrc
7 verbose title npm install
8 verbose argv "install"
9 verbose logfile logs-max:10 dir:E:\backend learn\ecommerce_nodejs\clean\_logs\2025-04-01T08_40_38_048Z-
10 verbose logfile E:\backend learn\ecommerce_nodejs\clean\_logs\2025-04-01T08_40_38_048Z-debug-0.log
11 silly logfile done cleaning log files
12 silly packumentCache heap:2197815296 maxSize:549453824 maxEntrySize:274726912
13 silly idealTree buildDeps
14 silly fetch manifest date-fns@^4.1.0
15 silly packumentCache full:https://registry.npmjs.org/date-fns cache-miss
16 http fetch GET 200 https://registry.npmjs.org/date-fns 258ms (cache miss)
17 silly packumentCache full:https://registry.npmjs.org/date-fns set size:undefined disposed:false
18 silly fetch manifest express@^5.1.0
19 silly packumentCache full:https://registry.npmjs.org/express cache-miss
20 http fetch GET 200 https://registry.npmjs.org/express 83ms (cache miss)
21 silly packumentCache full:https://registry.npmjs.org/express set size:undefined disposed:false
22 silly placeDep ROOT date-fns@4.1.0 OK for: ecommerce_nodejs@1.0.0 want: ^4.1.0
23 silly placeDep ROOT express@5.1.0 OK for: ecommerce_nodejs@1.0.0 want: ^5.1.0
24 silly fetch manifest qs@^6.14.0
25 silly packumentCache full:https://registry.npmjs.org/qs cache-miss
26 silly fetch manifest etag@^1.8.1
27 silly packumentCache full:https://registry.npmjs.org/etag cache-miss
28 silly fetch manifest once@^1.4.0
29 silly packumentCache full:https://registry.npmjs.org/once cache-miss
30 http fetch GET 200 https://registry.npmjs.org/qs 78ms (cache miss)
31 silly packumentCache full:https://registry.npmjs.org/qs set size:undefined disposed:false
32 silly fetch manifest send@^1.1.0
33 silly packumentCache full:https://registry.npmjs.org/send cache-miss
34 http fetch GET 200 https://registry.npmjs.org/once 113ms (cache miss)
35 silly packumentCache full:https://registry.npmjs.org/once set size:undefined disposed:false
36 silly fetch manifest vary@^1.1.2
37 silly packumentCache full:https://registry.npmjs.org/vary cache-miss
38 http fetch GET 200 https://registry.npmjs.org/etag 120ms (cache miss)
39 silly packumentCache full:https://registry.npmjs.org/etag set size:undefined disposed:false
40 silly fetch manifest debug@^4.4.0
41 silly packumentCache full:https://registry.npmjs.org/debug cache-miss
42 http fetch GET 200 https://registry.npmjs.org/send 76ms (cache miss)
43 silly packumentCache full:https://registry.npmjs.org/send set size:undefined disposed:false
44 silly fetch manifest fresh@^2.0.0
45 silly packumentCache full:https://registry.npmjs.org/fresh cache-miss
46 http fetch GET 200 https://registry.npmjs.org/vary 80ms (cache miss)
47 silly packumentCache full:https://registry.npmjs.org/vary set size:undefined disposed:false
48 silly fetch manifest cookie@^0.7.1
49 silly packumentCache full:https://registry.npmjs.org/cookie cache-miss
50 http fetch GET 200 https://registry.npmjs.org/debug 101ms (cache miss)
51 silly packumentCache full:https://registry.npmjs.org/debug set size:undefined disposed:false
52 silly fetch manifest router@^2.2.0
53 silly packumentCache full:https://registry.npmjs.org/router cache-miss
54 http fetch GET 200 https://registry.npmjs.org/fresh 77ms (cache miss)
55 silly packumentCache full:https://registry.npmjs.org/fresh set size:undefined disposed:false
56 silly fetch manifest accepts@^2.0.0
57 silly packumentCache full:https://registry.npmjs.org/accepts cache-miss
58 http fetch GET 200 https://registry.npmjs.org/cookie 85ms (cache miss)
59 silly packumentCache full:https://registry.npmjs.org/cookie set size:undefined disposed:false
60 silly fetch manifest type-is@^2.0.1
61 silly packumentCache full:https://registry.npmjs.org/type-is cache-miss
62 http fetch GET 200 https://registry.npmjs.org/router 76ms (cache miss)
63 silly packumentCache full:https://registry.npmjs.org/router set size:undefined disposed:false
64 silly fetch manifest parseurl@^1.3.3
65 silly packumentCache full:https://registry.npmjs.org/parseurl cache-miss
66 http fetch GET 200 https://registry.npmjs.org/type-is 89ms (cache miss)
67 silly packumentCache full:https://registry.npmjs.org/type-is set size:undefined disposed:false
68 silly fetch manifest statuses@^2.0.1
69 silly packumentCache full:https://registry.npmjs.org/statuses cache-miss
70 http fetch GET 200 https://registry.npmjs.org/parseurl 83ms (cache miss)
71 silly packumentCache full:https://registry.npmjs.org/parseurl set size:undefined disposed:false
72 silly fetch manifest encodeurl@^2.0.0
73 silly packumentCache full:https://registry.npmjs.org/encodeurl cache-miss
74 http fetch GET 200 https://registry.npmjs.org/encodeurl 89ms (cache miss)
75 silly packumentCache full:https://registry.npmjs.org/encodeurl set size:undefined disposed:false
76 silly fetch manifest mime-types@^3.0.0
77 silly packumentCache full:https://registry.npmjs.org/mime-types cache-miss
78 http fetch GET 200 https://registry.npmjs.org/statuses 101ms (cache miss)
79 silly packumentCache full:https://registry.npmjs.org/statuses set size:undefined disposed:false
80 silly fetch manifest proxy-addr@^2.0.7
81 silly packumentCache full:https://registry.npmjs.org/proxy-addr cache-miss
82 http fetch GET 200 https://registry.npmjs.org/proxy-addr 88ms (cache miss)
83 silly packumentCache full:https://registry.npmjs.org/proxy-addr set size:undefined disposed:false
84 silly fetch manifest body-parser@^2.2.0
85 silly packumentCache full:https://registry.npmjs.org/body-parser cache-miss
86 http fetch GET 200 https://registry.npmjs.org/mime-types 102ms (cache miss)
87 silly packumentCache full:https://registry.npmjs.org/mime-types set size:undefined disposed:false
88 silly fetch manifest escape-html@^1.0.3
89 silly packumentCache full:https://registry.npmjs.org/escape-html cache-miss
90 http fetch GET 200 https://registry.npmjs.org/body-parser 82ms (cache miss)
91 silly packumentCache full:https://registry.npmjs.org/body-parser set size:undefined disposed:false
92 silly fetch manifest http-errors@^2.0.0
93 silly packumentCache full:https://registry.npmjs.org/http-errors cache-miss
94 http fetch GET 200 https://registry.npmjs.org/escape-html 89ms (cache miss)
95 silly packumentCache full:https://registry.npmjs.org/escape-html set size:undefined disposed:false
96 silly fetch manifest on-finished@^2.4.1
97 silly packumentCache full:https://registry.npmjs.org/on-finished cache-miss
98 http fetch GET 200 https://registry.npmjs.org/on-finished 77ms (cache miss)
99 silly packumentCache full:https://registry.npmjs.org/on-finished set size:undefined disposed:false
100 silly fetch manifest content-type@^1.0.5
101 silly packumentCache full:https://registry.npmjs.org/content-type cache-miss
102 http fetch GET 200 https://registry.npmjs.org/http-errors 92ms (cache miss)
103 silly packumentCache full:https://registry.npmjs.org/http-errors set size:undefined disposed:false
104 silly fetch manifest finalhandler@^2.1.0
105 silly packumentCache full:https://registry.npmjs.org/finalhandler cache-miss
106 http fetch GET 200 https://registry.npmjs.org/finalhandler 81ms (cache miss)
107 silly packumentCache full:https://registry.npmjs.org/finalhandler set size:undefined disposed:false
108 silly fetch manifest range-parser@^1.2.1
109 silly packumentCache full:https://registry.npmjs.org/range-parser cache-miss
110 http fetch GET 200 https://registry.npmjs.org/content-type 89ms (cache miss)
111 silly packumentCache full:https://registry.npmjs.org/content-type set size:undefined disposed:false
112 silly fetch manifest serve-static@^2.2.0
113 silly packumentCache full:https://registry.npmjs.org/serve-static cache-miss
114 http fetch GET 200 https://registry.npmjs.org/range-parser 86ms (cache miss)
115 silly packumentCache full:https://registry.npmjs.org/range-parser set size:undefined disposed:false
116 silly fetch manifest cookie-signature@^1.2.1
117 silly packumentCache full:https://registry.npmjs.org/cookie-signature cache-miss
118 http fetch GET 200 https://registry.npmjs.org/serve-static 95ms (cache miss)
119 silly packumentCache full:https://registry.npmjs.org/serve-static set size:undefined disposed:false
120 silly fetch manifest merge-descriptors@^2.0.0
121 silly packumentCache full:https://registry.npmjs.org/merge-descriptors cache-miss
122 http fetch GET 200 https://registry.npmjs.org/cookie-signature 89ms (cache miss)
123 silly packumentCache full:https://registry.npmjs.org/cookie-signature set size:undefined disposed:false
124 silly fetch manifest content-disposition@^1.0.0
125 silly packumentCache full:https://registry.npmjs.org/content-disposition cache-miss
126 http fetch GET 200 https://registry.npmjs.org/merge-descriptors 86ms (cache miss)
127 silly packumentCache full:https://registry.npmjs.org/merge-descriptors set size:undefined disposed:false
128 http fetch GET 200 https://registry.npmjs.org/content-disposition 79ms (cache miss)
129 silly packumentCache full:https://registry.npmjs.org/content-disposition set size:undefined disposed:false
130 http fetch GET 200 https://registry.npmjs.org/accepts 913ms (cache miss)
131 silly packumentCache full:https://registry.npmjs.org/accepts set size:undefined disposed:false
132 silly placeDep ROOT accepts@2.0.0 OK for: express@5.1.0 want: ^2.0.0
133 silly placeDep ROOT body-parser@2.2.0 OK for: express@5.1.0 want: ^2.2.0
134 silly placeDep ROOT content-disposition@1.0.0 OK for: express@5.1.0 want: ^1.0.0
135 silly placeDep ROOT content-type@1.0.5 OK for: express@5.1.0 want: ^1.0.5
136 silly placeDep ROOT cookie@0.7.2 OK for: express@5.1.0 want: ^0.7.1
137 silly placeDep ROOT cookie-signature@1.2.2 OK for: express@5.1.0 want: ^1.2.1
138 silly placeDep ROOT debug@4.4.0 OK for: express@5.1.0 want: ^4.4.0
139 silly placeDep ROOT encodeurl@2.0.0 OK for: express@5.1.0 want: ^2.0.0
140 silly placeDep ROOT escape-html@1.0.3 OK for: express@5.1.0 want: ^1.0.3
141 silly placeDep ROOT etag@1.8.1 OK for: express@5.1.0 want: ^1.8.1
142 silly placeDep ROOT finalhandler@2.1.0 OK for: express@5.1.0 want: ^2.1.0
143 silly placeDep ROOT fresh@2.0.0 OK for: express@5.1.0 want: ^2.0.0
144 silly placeDep ROOT http-errors@2.0.0 OK for: express@5.1.0 want: ^2.0.0
145 silly placeDep ROOT merge-descriptors@2.0.0 OK for: express@5.1.0 want: ^2.0.0
146 silly placeDep ROOT mime-types@3.0.1 OK for: express@5.1.0 want: ^3.0.0
147 silly placeDep ROOT on-finished@2.4.1 OK for: express@5.1.0 want: ^2.4.1
148 silly placeDep ROOT once@1.4.0 OK for: express@5.1.0 want: ^1.4.0
149 silly placeDep ROOT parseurl@1.3.3 OK for: express@5.1.0 want: ^1.3.3
150 silly placeDep ROOT proxy-addr@2.0.7 OK for: express@5.1.0 want: ^2.0.7
151 silly placeDep ROOT qs@6.14.0 OK for: express@5.1.0 want: ^6.14.0
152 silly placeDep ROOT range-parser@1.2.1 OK for: express@5.1.0 want: ^1.2.1
153 silly placeDep ROOT router@2.2.0 OK for: express@5.1.0 want: ^2.2.0
154 silly placeDep ROOT send@1.2.0 OK for: express@5.1.0 want: ^1.1.0
155 silly placeDep ROOT serve-static@2.2.0 OK for: express@5.1.0 want: ^2.2.0
156 silly placeDep ROOT statuses@2.0.1 OK for: express@5.1.0 want: ^2.0.1
157 silly placeDep ROOT type-is@2.0.1 OK for: express@5.1.0 want: ^2.0.1
158 silly placeDep ROOT vary@1.1.2 OK for: express@5.1.0 want: ^1.1.2
159 silly fetch manifest negotiator@^1.0.0
160 silly packumentCache full:https://registry.npmjs.org/negotiator cache-miss
161 silly fetch manifest bytes@^3.1.2
162 silly packumentCache full:https://registry.npmjs.org/bytes cache-miss
163 silly fetch manifest iconv-lite@^0.6.3
164 silly packumentCache full:https://registry.npmjs.org/iconv-lite cache-miss
165 http fetch GET 200 https://registry.npmjs.org/bytes 86ms (cache miss)
166 silly packumentCache full:https://registry.npmjs.org/bytes set size:undefined disposed:false
167 silly fetch manifest raw-body@^3.0.0
168 silly packumentCache full:https://registry.npmjs.org/raw-body cache-miss
169 http fetch GET 200 https://registry.npmjs.org/negotiator 90ms (cache miss)
170 silly packumentCache full:https://registry.npmjs.org/negotiator set size:undefined disposed:false
171 silly fetch manifest type-is@^2.0.0
172 silly packumentCache full:https://registry.npmjs.org/type-is cache-miss
173 http fetch GET 200 https://registry.npmjs.org/iconv-lite 91ms (cache miss)
174 silly packumentCache full:https://registry.npmjs.org/iconv-lite set size:undefined disposed:false
175 silly fetch manifest safe-buffer@5.2.1
176 silly packumentCache full:https://registry.npmjs.org/safe-buffer cache-miss
177 http cache https://registry.npmjs.org/type-is 16ms (cache hit)
178 silly packumentCache full:https://registry.npmjs.org/type-is set size:86196 disposed:false
179 silly fetch manifest ms@^2.1.3
180 silly packumentCache full:https://registry.npmjs.org/ms cache-miss
181 http fetch GET 200 https://registry.npmjs.org/raw-body 85ms (cache miss)
182 silly packumentCache full:https://registry.npmjs.org/raw-body set size:undefined disposed:false
183 silly fetch manifest depd@2.0.0
184 silly packumentCache full:https://registry.npmjs.org/depd cache-miss
185 http fetch GET 200 https://registry.npmjs.org/safe-buffer 93ms (cache miss)
186 silly packumentCache full:https://registry.npmjs.org/safe-buffer set size:undefined disposed:false
187 silly fetch manifest inherits@2.0.4
188 silly packumentCache full:https://registry.npmjs.org/inherits cache-miss
189 http fetch GET 200 https://registry.npmjs.org/ms 90ms (cache miss)
190 silly packumentCache full:https://registry.npmjs.org/ms set size:undefined disposed:false
191 silly fetch manifest setprototypeof@1.2.0
192 silly packumentCache full:https://registry.npmjs.org/setprototypeof cache-miss
193 http fetch GET 200 https://registry.npmjs.org/inherits 78ms (cache miss)
194 silly packumentCache full:https://registry.npmjs.org/inherits set size:undefined disposed:false
195 silly fetch manifest statuses@2.0.1
196 silly packumentCache full:https://registry.npmjs.org/statuses cache-miss
197 http fetch GET 200 https://registry.npmjs.org/depd 94ms (cache miss)
198 silly packumentCache full:https://registry.npmjs.org/depd set size:undefined disposed:false
199 silly fetch manifest toidentifier@1.0.1
200 silly packumentCache full:https://registry.npmjs.org/toidentifier cache-miss
201 http cache https://registry.npmjs.org/statuses 22ms (cache hit)
202 silly packumentCache full:https://registry.npmjs.org/statuses set size:34272 disposed:false
203 silly fetch manifest mime-db@^1.54.0
204 silly packumentCache full:https://registry.npmjs.org/mime-db cache-miss
205 http fetch GET 200 https://registry.npmjs.org/setprototypeof 99ms (cache miss)
206 silly packumentCache full:https://registry.npmjs.org/setprototypeof set size:undefined disposed:false
207 silly fetch manifest ee-first@1.1.1
208 silly packumentCache full:https://registry.npmjs.org/ee-first cache-miss
209 http fetch GET 200 https://registry.npmjs.org/toidentifier 75ms (cache miss)
210 silly packumentCache full:https://registry.npmjs.org/toidentifier set size:undefined disposed:false
211 silly fetch manifest wrappy@1
212 silly packumentCache full:https://registry.npmjs.org/wrappy cache-miss
213 http fetch GET 200 https://registry.npmjs.org/ee-first 73ms (cache miss)
214 silly packumentCache full:https://registry.npmjs.org/ee-first set size:undefined disposed:false
215 silly fetch manifest forwarded@0.2.0
216 silly packumentCache full:https://registry.npmjs.org/forwarded cache-miss
217 http fetch GET 200 https://registry.npmjs.org/mime-db 82ms (cache miss)
218 silly packumentCache full:https://registry.npmjs.org/mime-db set size:undefined disposed:false
219 silly fetch manifest ipaddr.js@1.9.1
220 silly packumentCache full:https://registry.npmjs.org/ipaddr.js cache-miss
221 http fetch GET 200 https://registry.npmjs.org/forwarded 84ms (cache miss)
222 silly packumentCache full:https://registry.npmjs.org/forwarded set size:undefined disposed:false
223 silly fetch manifest side-channel@^1.1.0
224 silly packumentCache full:https://registry.npmjs.org/side-channel cache-miss
225 http fetch GET 200 https://registry.npmjs.org/ipaddr.js 89ms (cache miss)
226 silly packumentCache full:https://registry.npmjs.org/ipaddr.js set size:undefined disposed:false
227 silly fetch manifest depd@^2.0.0
228 silly packumentCache full:https://registry.npmjs.org/depd cache-miss
229 http cache https://registry.npmjs.org/depd 8ms (cache hit)
230 silly packumentCache full:https://registry.npmjs.org/depd set size:40182 disposed:false
231 silly fetch manifest is-promise@^4.0.0
232 silly packumentCache full:https://registry.npmjs.org/is-promise cache-miss
233 http fetch GET 200 https://registry.npmjs.org/side-channel 85ms (cache miss)
234 silly packumentCache full:https://registry.npmjs.org/side-channel set size:undefined disposed:false
235 silly fetch manifest path-to-regexp@^8.0.0
236 silly packumentCache full:https://registry.npmjs.org/path-to-regexp cache-miss
237 http fetch GET 200 https://registry.npmjs.org/path-to-regexp 90ms (cache miss)
238 silly packumentCache full:https://registry.npmjs.org/path-to-regexp set size:undefined disposed:false
239 silly fetch manifest media-typer@^1.1.0
240 silly packumentCache full:https://registry.npmjs.org/media-typer cache-miss
241 http fetch GET 200 https://registry.npmjs.org/media-typer 87ms (cache miss)
242 silly packumentCache full:https://registry.npmjs.org/media-typer set size:undefined disposed:false
243 http fetch GET 200 https://registry.npmjs.org/wrappy 1027ms (cache miss)
244 silly packumentCache full:https://registry.npmjs.org/wrappy set size:undefined disposed:false
245 http fetch GET 200 https://registry.npmjs.org/is-promise 914ms (cache miss)
246 silly packumentCache full:https://registry.npmjs.org/is-promise set size:undefined disposed:false
247 silly placeDep ROOT negotiator@1.0.0 OK for: accepts@2.0.0 want: ^1.0.0
248 silly placeDep ROOT bytes@3.1.2 OK for: body-parser@2.2.0 want: ^3.1.2
249 silly placeDep ROOT iconv-lite@0.6.3 OK for: body-parser@2.2.0 want: ^0.6.3
250 silly placeDep ROOT raw-body@3.0.0 OK for: body-parser@2.2.0 want: ^3.0.0
251 silly fetch manifest safer-buffer@>= 2.1.2 < 3.0.0
252 silly packumentCache full:https://registry.npmjs.org/safer-buffer cache-miss
253 silly fetch manifest unpipe@1.0.0
254 silly packumentCache full:https://registry.npmjs.org/unpipe cache-miss
255 http fetch GET 200 https://registry.npmjs.org/safer-buffer 83ms (cache miss)
256 silly packumentCache full:https://registry.npmjs.org/safer-buffer set size:undefined disposed:false
257 http fetch GET 200 https://registry.npmjs.org/unpipe 85ms (cache miss)
258 silly packumentCache full:https://registry.npmjs.org/unpipe set size:undefined disposed:false
259 silly placeDep ROOT safe-buffer@5.2.1 OK for: content-disposition@1.0.0 want: 5.2.1
260 silly placeDep ROOT ms@2.1.3 OK for: debug@4.4.0 want: ^2.1.3
261 silly placeDep ROOT depd@2.0.0 OK for: http-errors@2.0.0 want: 2.0.0
262 silly placeDep ROOT inherits@2.0.4 OK for: http-errors@2.0.0 want: 2.0.4
263 silly placeDep ROOT setprototypeof@1.2.0 OK for: http-errors@2.0.0 want: 1.2.0
264 silly placeDep ROOT toidentifier@1.0.1 OK for: http-errors@2.0.0 want: 1.0.1
265 silly placeDep ROOT safer-buffer@2.1.2 OK for: iconv-lite@0.6.3 want: >= 2.1.2 < 3.0.0
266 silly placeDep ROOT mime-db@1.54.0 OK for: mime-types@3.0.1 want: ^1.54.0
267 silly placeDep ROOT ee-first@1.1.1 OK for: on-finished@2.4.1 want: 1.1.1
268 silly placeDep ROOT wrappy@1.0.2 OK for: once@1.4.0 want: 1
269 silly placeDep ROOT forwarded@0.2.0 OK for: proxy-addr@2.0.7 want: 0.2.0
270 silly placeDep ROOT ipaddr.js@1.9.1 OK for: proxy-addr@2.0.7 want: 1.9.1
271 silly placeDep ROOT side-channel@1.1.0 OK for: qs@6.14.0 want: ^1.1.0
272 silly fetch manifest es-errors@^1.3.0
273 silly packumentCache full:https://registry.npmjs.org/es-errors cache-miss
274 silly fetch manifest object-inspect@^1.13.3
275 silly packumentCache full:https://registry.npmjs.org/object-inspect cache-miss
276 silly fetch manifest side-channel-list@^1.0.0
277 silly packumentCache full:https://registry.npmjs.org/side-channel-list cache-miss
278 http fetch GET 200 https://registry.npmjs.org/es-errors 95ms (cache miss)
279 silly packumentCache full:https://registry.npmjs.org/es-errors set size:undefined disposed:false
280 silly fetch manifest side-channel-map@^1.0.1
281 silly packumentCache full:https://registry.npmjs.org/side-channel-map cache-miss
282 http fetch GET 200 https://registry.npmjs.org/side-channel-list 101ms (cache miss)
283 silly packumentCache full:https://registry.npmjs.org/side-channel-list set size:undefined disposed:false
284 silly fetch manifest side-channel-weakmap@^1.0.2
285 silly packumentCache full:https://registry.npmjs.org/side-channel-weakmap cache-miss
286 http fetch GET 200 https://registry.npmjs.org/object-inspect 107ms (cache miss)
287 silly packumentCache full:https://registry.npmjs.org/object-inspect set size:undefined disposed:false
288 http fetch GET 200 https://registry.npmjs.org/side-channel-map 82ms (cache miss)
289 silly packumentCache full:https://registry.npmjs.org/side-channel-map set size:undefined disposed:false
290 http fetch GET 200 https://registry.npmjs.org/side-channel-weakmap 82ms (cache miss)
291 silly packumentCache full:https://registry.npmjs.org/side-channel-weakmap set size:undefined disposed:false
292 silly placeDep ROOT unpipe@1.0.0 OK for: raw-body@3.0.0 want: 1.0.0
293 silly placeDep ROOT is-promise@4.0.0 OK for: router@2.2.0 want: ^4.0.0
294 silly placeDep ROOT path-to-regexp@8.2.0 OK for: router@2.2.0 want: ^8.0.0
295 silly placeDep ROOT es-errors@1.3.0 OK for: side-channel@1.1.0 want: ^1.3.0
296 silly placeDep ROOT object-inspect@1.13.4 OK for: side-channel@1.1.0 want: ^1.13.3
297 silly placeDep ROOT side-channel-list@1.0.0 OK for: side-channel@1.1.0 want: ^1.0.0
298 silly placeDep ROOT side-channel-map@1.0.1 OK for: side-channel@1.1.0 want: ^1.0.1
299 silly placeDep ROOT side-channel-weakmap@1.0.2 OK for: side-channel@1.1.0 want: ^1.0.2
300 silly fetch manifest call-bound@^1.0.2
301 silly packumentCache full:https://registry.npmjs.org/call-bound cache-miss
302 silly fetch manifest get-intrinsic@^1.2.5
303 silly packumentCache full:https://registry.npmjs.org/get-intrinsic cache-miss
304 silly fetch manifest call-bound@^1.0.2
305 silly packumentCache full:https://registry.npmjs.org/call-bound cache-miss
306 http fetch GET 200 https://registry.npmjs.org/call-bound 85ms (cache miss)
307 silly packumentCache full:https://registry.npmjs.org/call-bound set size:undefined disposed:false
308 silly fetch manifest get-intrinsic@^1.2.5
309 silly packumentCache full:https://registry.npmjs.org/get-intrinsic cache-miss
310 http fetch GET 200 https://registry.npmjs.org/call-bound 92ms (cache miss)
311 silly packumentCache full:https://registry.npmjs.org/call-bound set size:undefined disposed:false
312 http fetch GET 200 https://registry.npmjs.org/get-intrinsic 95ms (cache miss)
313 silly packumentCache full:https://registry.npmjs.org/get-intrinsic set size:undefined disposed:false
314 http fetch GET 200 https://registry.npmjs.org/get-intrinsic 29ms (cache miss)
315 silly packumentCache full:https://registry.npmjs.org/get-intrinsic set size:undefined disposed:false
316 silly placeDep ROOT call-bound@1.0.4 OK for: side-channel-map@1.0.1 want: ^1.0.2
317 silly placeDep ROOT get-intrinsic@1.3.0 OK for: side-channel-map@1.0.1 want: ^1.2.5
318 silly fetch manifest call-bind-apply-helpers@^1.0.2
319 silly packumentCache full:https://registry.npmjs.org/call-bind-apply-helpers cache-miss
320 silly fetch manifest get-intrinsic@^1.3.0
321 silly packumentCache full:https://registry.npmjs.org/get-intrinsic cache-miss
322 silly fetch manifest call-bind-apply-helpers@^1.0.2
323 silly packumentCache full:https://registry.npmjs.org/call-bind-apply-helpers cache-miss
324 http cache https://registry.npmjs.org/get-intrinsic 15ms (cache hit)
325 silly packumentCache full:https://registry.npmjs.org/get-intrinsic set size:57687 disposed:false
326 silly fetch manifest es-define-property@^1.0.1
327 silly packumentCache full:https://registry.npmjs.org/es-define-property cache-miss
328 http fetch GET 200 https://registry.npmjs.org/call-bind-apply-helpers 104ms (cache miss)
329 silly packumentCache full:https://registry.npmjs.org/call-bind-apply-helpers set size:undefined disposed:false
330 silly fetch manifest es-object-atoms@^1.1.1
331 silly packumentCache full:https://registry.npmjs.org/es-object-atoms cache-miss
332 http fetch GET 200 https://registry.npmjs.org/call-bind-apply-helpers 151ms (cache miss)
333 silly packumentCache full:https://registry.npmjs.org/call-bind-apply-helpers set size:undefined disposed:false
334 silly fetch manifest function-bind@^1.1.2
335 silly packumentCache full:https://registry.npmjs.org/function-bind cache-miss
336 http fetch GET 200 https://registry.npmjs.org/es-object-atoms 69ms (cache miss)
337 silly packumentCache full:https://registry.npmjs.org/es-object-atoms set size:undefined disposed:false
338 silly fetch manifest get-proto@^1.0.1
339 silly packumentCache full:https://registry.npmjs.org/get-proto cache-miss
340 http fetch GET 200 https://registry.npmjs.org/function-bind 72ms (cache miss)
341 silly packumentCache full:https://registry.npmjs.org/function-bind set size:undefined disposed:false
342 silly fetch manifest gopd@^1.2.0
343 silly packumentCache full:https://registry.npmjs.org/gopd cache-miss
344 http fetch GET 200 https://registry.npmjs.org/get-proto 73ms (cache miss)
345 silly packumentCache full:https://registry.npmjs.org/get-proto set size:undefined disposed:false
346 silly fetch manifest has-symbols@^1.1.0
347 silly packumentCache full:https://registry.npmjs.org/has-symbols cache-miss
348 http fetch GET 200 https://registry.npmjs.org/gopd 66ms (cache miss)
349 silly packumentCache full:https://registry.npmjs.org/gopd set size:undefined disposed:false
350 silly fetch manifest hasown@^2.0.2
351 silly packumentCache full:https://registry.npmjs.org/hasown cache-miss
352 http fetch GET 200 https://registry.npmjs.org/has-symbols 79ms (cache miss)
353 silly packumentCache full:https://registry.npmjs.org/has-symbols set size:undefined disposed:false
354 silly fetch manifest math-intrinsics@^1.1.0
355 silly packumentCache full:https://registry.npmjs.org/math-intrinsics cache-miss
356 http fetch GET 200 https://registry.npmjs.org/hasown 75ms (cache miss)
357 silly packumentCache full:https://registry.npmjs.org/hasown set size:undefined disposed:false
358 http fetch GET 200 https://registry.npmjs.org/math-intrinsics 84ms (cache miss)
359 silly packumentCache full:https://registry.npmjs.org/math-intrinsics set size:undefined disposed:false
360 http fetch GET 200 https://registry.npmjs.org/es-define-property 1081ms (cache miss)
361 silly packumentCache full:https://registry.npmjs.org/es-define-property set size:undefined disposed:false
362 silly placeDep ROOT call-bind-apply-helpers@1.0.2 OK for: call-bound@1.0.4 want: ^1.0.2
363 silly placeDep ROOT function-bind@1.1.2 OK for: call-bind-apply-helpers@1.0.2 want: ^1.1.2
364 silly placeDep ROOT es-define-property@1.0.1 OK for: get-intrinsic@1.3.0 want: ^1.0.1
365 silly placeDep ROOT es-object-atoms@1.1.1 OK for: get-intrinsic@1.3.0 want: ^1.1.1
366 silly placeDep ROOT get-proto@1.0.1 OK for: get-intrinsic@1.3.0 want: ^1.0.1
367 silly placeDep ROOT gopd@1.2.0 OK for: get-intrinsic@1.3.0 want: ^1.2.0
368 silly placeDep ROOT has-symbols@1.1.0 OK for: get-intrinsic@1.3.0 want: ^1.1.0
369 silly placeDep ROOT hasown@2.0.2 OK for: get-intrinsic@1.3.0 want: ^2.0.2
370 silly placeDep ROOT math-intrinsics@1.1.0 OK for: get-intrinsic@1.3.0 want: ^1.1.0
371 silly fetch manifest dunder-proto@^1.0.1
372 silly packumentCache full:https://registry.npmjs.org/dunder-proto cache-miss
373 http fetch GET 200 https://registry.npmjs.org/dunder-proto 68ms (cache miss)
374 silly packumentCache full:https://registry.npmjs.org/dunder-proto set size:undefined disposed:false
375 silly placeDep ROOT dunder-proto@1.0.1 OK for: get-proto@1.0.1 want: ^1.0.1
376 silly placeDep ROOT media-typer@1.1.0 OK for: type-is@2.0.1 want: ^1.1.0
377 silly reify moves {}
378 silly audit bulk request {
378 silly audit   'date-fns': [ '4.1.0' ],
378 silly audit   express: [ '5.1.0' ],
378 silly audit   accepts: [ '2.0.0' ],
378 silly audit   'body-parser': [ '2.2.0' ],
378 silly audit   'content-disposition': [ '1.0.0' ],
378 silly audit   'content-type': [ '1.0.5' ],
378 silly audit   cookie: [ '0.7.2' ],
378 silly audit   'cookie-signature': [ '1.2.2' ],
378 silly audit   debug: [ '4.4.0' ],
378 silly audit   encodeurl: [ '2.0.0' ],
378 silly audit   'escape-html': [ '1.0.3' ],
378 silly audit   etag: [ '1.8.1' ],
378 silly audit   finalhandler: [ '2.1.0' ],
378 silly audit   fresh: [ '2.0.0' ],
378 silly audit   'http-errors': [ '2.0.0' ],
378 silly audit   'merge-descriptors': [ '2.0.0' ],
378 silly audit   'mime-types': [ '3.0.1' ],
378 silly audit   'on-finished': [ '2.4.1' ],
378 silly audit   once: [ '1.4.0' ],
378 silly audit   parseurl: [ '1.3.3' ],
378 silly audit   'proxy-addr': [ '2.0.7' ],
378 silly audit   qs: [ '6.14.0' ],
378 silly audit   'range-parser': [ '1.2.1' ],
378 silly audit   router: [ '2.2.0' ],
378 silly audit   send: [ '1.2.0' ],
378 silly audit   'serve-static': [ '2.2.0' ],
378 silly audit   statuses: [ '2.0.1' ],
378 silly audit   'type-is': [ '2.0.1' ],
378 silly audit   vary: [ '1.1.2' ],
378 silly audit   negotiator: [ '1.0.0' ],
378 silly audit   bytes: [ '3.1.2' ],
378 silly audit   'iconv-lite': [ '0.6.3' ],
378 silly audit   'raw-body': [ '3.0.0' ],
378 silly audit   'safe-buffer': [ '5.2.1' ],
378 silly audit   ms: [ '2.1.3' ],
378 silly audit   depd: [ '2.0.0' ],
378 silly audit   inherits: [ '2.0.4' ],
378 silly audit   setprototypeof: [ '1.2.0' ],
378 silly audit   toidentifier: [ '1.0.1' ],
378 silly audit   'safer-buffer': [ '2.1.2' ],
378 silly audit   'mime-db': [ '1.54.0' ],
378 silly audit   'ee-first': [ '1.1.1' ],
378 silly audit   wrappy: [ '1.0.2' ],
378 silly audit   forwarded: [ '0.2.0' ],
378 silly audit   'ipaddr.js': [ '1.9.1' ],
378 silly audit   'side-channel': [ '1.1.0' ],
378 silly audit   unpipe: [ '1.0.0' ],
378 silly audit   'is-promise': [ '4.0.0' ],
378 silly audit   'path-to-regexp': [ '8.2.0' ],
378 silly audit   'es-errors': [ '1.3.0' ],
378 silly audit   'object-inspect': [ '1.13.4' ],
378 silly audit   'side-channel-list': [ '1.0.0' ],
378 silly audit   'side-channel-map': [ '1.0.1' ],
378 silly audit   'side-channel-weakmap': [ '1.0.2' ],
378 silly audit   'call-bound': [ '1.0.4' ],
378 silly audit   'get-intrinsic': [ '1.3.0' ],
378 silly audit   'call-bind-apply-helpers': [ '1.0.2' ],
378 silly audit   'function-bind': [ '1.1.2' ],
378 silly audit   'es-define-property': [ '1.0.1' ],
378 silly audit   'es-object-atoms': [ '1.1.1' ],
378 silly audit   'get-proto': [ '1.0.1' ],
378 silly audit   gopd: [ '1.2.0' ],
378 silly audit   'has-symbols': [ '1.1.0' ],
378 silly audit   hasown: [ '2.0.2' ],
378 silly audit   'math-intrinsics': [ '1.1.0' ],
378 silly audit   'dunder-proto': [ '1.0.1' ],
378 silly audit   'media-typer': [ '1.1.0' ]
378 silly audit }
379 http cache dunder-proto@https://registry.npmjs.org/dunder-proto/-/dunder-proto-1.0.1.tgz 0ms (cache hit)
380 http cache media-typer@https://registry.npmjs.org/media-typer/-/media-typer-1.1.0.tgz 0ms (cache hit)
381 http cache math-intrinsics@https://registry.npmjs.org/math-intrinsics/-/math-intrinsics-1.1.0.tgz 0ms (cache hit)
382 http cache hasown@https://registry.npmjs.org/hasown/-/hasown-2.0.2.tgz 0ms (cache hit)
383 http cache has-symbols@https://registry.npmjs.org/has-symbols/-/has-symbols-1.1.0.tgz 0ms (cache hit)
384 http cache gopd@https://registry.npmjs.org/gopd/-/gopd-1.2.0.tgz 0ms (cache hit)
385 http cache function-bind@https://registry.npmjs.org/function-bind/-/function-bind-1.1.2.tgz 0ms (cache hit)
386 http cache get-proto@https://registry.npmjs.org/get-proto/-/get-proto-1.0.1.tgz 0ms (cache hit)
387 http cache es-define-property@https://registry.npmjs.org/es-define-property/-/es-define-property-1.0.1.tgz 0ms (cache hit)
388 http cache es-object-atoms@https://registry.npmjs.org/es-object-atoms/-/es-object-atoms-1.1.1.tgz 0ms (cache hit)
389 http cache call-bind-apply-helpers@https://registry.npmjs.org/call-bind-apply-helpers/-/call-bind-apply-helpers-1.0.2.tgz 0ms (cache hit)
390 http cache get-intrinsic@https://registry.npmjs.org/get-intrinsic/-/get-intrinsic-1.3.0.tgz 0ms (cache hit)
391 http cache side-channel-weakmap@https://registry.npmjs.org/side-channel-weakmap/-/side-channel-weakmap-1.0.2.tgz 0ms (cache hit)
392 http cache call-bound@https://registry.npmjs.org/call-bound/-/call-bound-1.0.4.tgz 0ms (cache hit)
393 http cache object-inspect@https://registry.npmjs.org/object-inspect/-/object-inspect-1.13.4.tgz 0ms (cache hit)
394 http cache side-channel-map@https://registry.npmjs.org/side-channel-map/-/side-channel-map-1.0.1.tgz 0ms (cache hit)
395 http cache es-errors@https://registry.npmjs.org/es-errors/-/es-errors-1.3.0.tgz 0ms (cache hit)
396 http cache side-channel-list@https://registry.npmjs.org/side-channel-list/-/side-channel-list-1.0.0.tgz 0ms (cache hit)
397 http cache is-promise@https://registry.npmjs.org/is-promise/-/is-promise-4.0.0.tgz 0ms (cache hit)
398 http cache path-to-regexp@https://registry.npmjs.org/path-to-regexp/-/path-to-regexp-8.2.0.tgz 0ms (cache hit)
399 http cache side-channel@https://registry.npmjs.org/side-channel/-/side-channel-1.1.0.tgz 0ms (cache hit)
400 http cache unpipe@https://registry.npmjs.org/unpipe/-/unpipe-1.0.0.tgz 0ms (cache hit)
401 http cache ipaddr.js@https://registry.npmjs.org/ipaddr.js/-/ipaddr.js-1.9.1.tgz 0ms (cache hit)
402 http cache forwarded@https://registry.npmjs.org/forwarded/-/forwarded-0.2.0.tgz 0ms (cache hit)
403 http cache ee-first@https://registry.npmjs.org/ee-first/-/ee-first-1.1.1.tgz 0ms (cache hit)
404 http cache wrappy@https://registry.npmjs.org/wrappy/-/wrappy-1.0.2.tgz 0ms (cache hit)
405 http cache safer-buffer@https://registry.npmjs.org/safer-buffer/-/safer-buffer-2.1.2.tgz 0ms (cache hit)
406 http cache mime-db@https://registry.npmjs.org/mime-db/-/mime-db-1.54.0.tgz 0ms (cache hit)
407 http cache toidentifier@https://registry.npmjs.org/toidentifier/-/toidentifier-1.0.1.tgz 0ms (cache hit)
408 http cache setprototypeof@https://registry.npmjs.org/setprototypeof/-/setprototypeof-1.2.0.tgz 0ms (cache hit)
409 http cache depd@https://registry.npmjs.org/depd/-/depd-2.0.0.tgz 0ms (cache hit)
410 http cache safe-buffer@https://registry.npmjs.org/safe-buffer/-/safe-buffer-5.2.1.tgz 0ms (cache hit)
411 http cache ms@https://registry.npmjs.org/ms/-/ms-2.1.3.tgz 0ms (cache hit)
412 http cache raw-body@https://registry.npmjs.org/raw-body/-/raw-body-3.0.0.tgz 0ms (cache hit)
413 http cache negotiator@https://registry.npmjs.org/negotiator/-/negotiator-1.0.0.tgz 0ms (cache hit)
414 http cache iconv-lite@https://registry.npmjs.org/iconv-lite/-/iconv-lite-0.6.3.tgz 0ms (cache hit)
415 http cache bytes@https://registry.npmjs.org/bytes/-/bytes-3.1.2.tgz 0ms (cache hit)
416 http cache vary@https://registry.npmjs.org/vary/-/vary-1.1.2.tgz 0ms (cache hit)
417 http cache serve-static@https://registry.npmjs.org/serve-static/-/serve-static-2.2.0.tgz 0ms (cache hit)
418 http cache type-is@https://registry.npmjs.org/type-is/-/type-is-2.0.1.tgz 0ms (cache hit)
419 http cache router@https://registry.npmjs.org/router/-/router-2.2.0.tgz 0ms (cache hit)
420 http cache statuses@https://registry.npmjs.org/statuses/-/statuses-2.0.1.tgz 0ms (cache hit)
421 http cache qs@https://registry.npmjs.org/qs/-/qs-6.14.0.tgz 0ms (cache hit)
422 http cache send@https://registry.npmjs.org/send/-/send-1.2.0.tgz 0ms (cache hit)
423 http cache proxy-addr@https://registry.npmjs.org/proxy-addr/-/proxy-addr-2.0.7.tgz 0ms (cache hit)
424 http cache range-parser@https://registry.npmjs.org/range-parser/-/range-parser-1.2.1.tgz 0ms (cache hit)
425 http cache parseurl@https://registry.npmjs.org/parseurl/-/parseurl-1.3.3.tgz 0ms (cache hit)
426 http cache once@https://registry.npmjs.org/once/-/once-1.4.0.tgz 0ms (cache hit)
427 http cache merge-descriptors@https://registry.npmjs.org/merge-descriptors/-/merge-descriptors-2.0.0.tgz 0ms (cache hit)
428 http cache on-finished@https://registry.npmjs.org/on-finished/-/on-finished-2.4.1.tgz 0ms (cache hit)
429 http cache fresh@https://registry.npmjs.org/fresh/-/fresh-2.0.0.tgz 0ms (cache hit)
430 http cache mime-types@https://registry.npmjs.org/mime-types/-/mime-types-3.0.1.tgz 0ms (cache hit)
431 http cache finalhandler@https://registry.npmjs.org/finalhandler/-/finalhandler-2.1.0.tgz 0ms (cache hit)
432 http cache http-errors@https://registry.npmjs.org/http-errors/-/http-errors-2.0.0.tgz 0ms (cache hit)
433 http cache etag@https://registry.npmjs.org/etag/-/etag-1.8.1.tgz 0ms (cache hit)
434 http cache encodeurl@https://registry.npmjs.org/encodeurl/-/encodeurl-2.0.0.tgz 0ms (cache hit)
435 http cache escape-html@https://registry.npmjs.org/escape-html/-/escape-html-1.0.3.tgz 0ms (cache hit)
436 http cache cookie-signature@https://registry.npmjs.org/cookie-signature/-/cookie-signature-1.2.2.tgz 0ms (cache hit)
437 http cache debug@https://registry.npmjs.org/debug/-/debug-4.4.0.tgz 0ms (cache hit)
438 http cache content-type@https://registry.npmjs.org/content-type/-/content-type-1.0.5.tgz 0ms (cache hit)
439 http cache cookie@https://registry.npmjs.org/cookie/-/cookie-0.7.2.tgz 0ms (cache hit)
440 http cache body-parser@https://registry.npmjs.org/body-parser/-/body-parser-2.2.0.tgz 0ms (cache hit)
441 http cache content-disposition@https://registry.npmjs.org/content-disposition/-/content-disposition-1.0.0.tgz 1ms (cache hit)
442 http cache express@https://registry.npmjs.org/express/-/express-5.1.0.tgz 0ms (cache hit)
443 http cache accepts@https://registry.npmjs.org/accepts/-/accepts-2.0.0.tgz 0ms (cache hit)
444 http cache date-fns@https://registry.npmjs.org/date-fns/-/date-fns-4.1.0.tgz 0ms (cache hit)
445 http cache inherits@https://registry.npmjs.org/inherits/-/inherits-2.0.4.tgz 0ms (cache hit)
446 silly tarball no local data for dunder-proto@https://registry.npmjs.org/dunder-proto/-/dunder-proto-1.0.1.tgz. Extracting by manifest.
447 silly tarball no local data for media-typer@https://registry.npmjs.org/media-typer/-/media-typer-1.1.0.tgz. Extracting by manifest.
448 silly tarball no local data for math-intrinsics@https://registry.npmjs.org/math-intrinsics/-/math-intrinsics-1.1.0.tgz. Extracting by manifest.
449 silly tarball no local data for hasown@https://registry.npmjs.org/hasown/-/hasown-2.0.2.tgz. Extracting by manifest.
450 silly tarball no local data for has-symbols@https://registry.npmjs.org/has-symbols/-/has-symbols-1.1.0.tgz. Extracting by manifest.
451 silly tarball no local data for gopd@https://registry.npmjs.org/gopd/-/gopd-1.2.0.tgz. Extracting by manifest.
452 silly tarball no local data for function-bind@https://registry.npmjs.org/function-bind/-/function-bind-1.1.2.tgz. Extracting by manifest.
453 silly tarball no local data for get-proto@https://registry.npmjs.org/get-proto/-/get-proto-1.0.1.tgz. Extracting by manifest.
454 silly tarball no local data for es-define-property@https://registry.npmjs.org/es-define-property/-/es-define-property-1.0.1.tgz. Extracting by manifest.
455 silly tarball no local data for es-object-atoms@https://registry.npmjs.org/es-object-atoms/-/es-object-atoms-1.1.1.tgz. Extracting by manifest.
456 silly tarball no local data for call-bind-apply-helpers@https://registry.npmjs.org/call-bind-apply-helpers/-/call-bind-apply-helpers-1.0.2.tgz. Extracting by manifest.
457 silly tarball no local data for get-intrinsic@https://registry.npmjs.org/get-intrinsic/-/get-intrinsic-1.3.0.tgz. Extracting by manifest.
458 silly tarball no local data for side-channel-weakmap@https://registry.npmjs.org/side-channel-weakmap/-/side-channel-weakmap-1.0.2.tgz. Extracting by manifest.
459 silly tarball no local data for call-bound@https://registry.npmjs.org/call-bound/-/call-bound-1.0.4.tgz. Extracting by manifest.
460 silly tarball no local data for object-inspect@https://registry.npmjs.org/object-inspect/-/object-inspect-1.13.4.tgz. Extracting by manifest.
461 silly tarball no local data for side-channel-map@https://registry.npmjs.org/side-channel-map/-/side-channel-map-1.0.1.tgz. Extracting by manifest.
462 silly tarball no local data for es-errors@https://registry.npmjs.org/es-errors/-/es-errors-1.3.0.tgz. Extracting by manifest.
463 silly tarball no local data for side-channel-list@https://registry.npmjs.org/side-channel-list/-/side-channel-list-1.0.0.tgz. Extracting by manifest.
464 silly tarball no local data for is-promise@https://registry.npmjs.org/is-promise/-/is-promise-4.0.0.tgz. Extracting by manifest.
465 silly tarball no local data for path-to-regexp@https://registry.npmjs.org/path-to-regexp/-/path-to-regexp-8.2.0.tgz. Extracting by manifest.
466 silly tarball no local data for side-channel@https://registry.npmjs.org/side-channel/-/side-channel-1.1.0.tgz. Extracting by manifest.
467 silly tarball no local data for unpipe@https://registry.npmjs.org/unpipe/-/unpipe-1.0.0.tgz. Extracting by manifest.
468 silly tarball no local data for ipaddr.js@https://registry.npmjs.org/ipaddr.js/-/ipaddr.js-1.9.1.tgz. Extracting by manifest.
469 silly tarball no local data for forwarded@https://registry.npmjs.org/forwarded/-/forwarded-0.2.0.tgz. Extracting by manifest.
470 silly tarball no local data for ee-first@https://registry.npmjs.org/ee-first/-/ee-first-1.1.1.tgz. Extracting by manifest.
471 silly tarball no local data for wrappy@https://registry.npmjs.org/wrappy/-/wrappy-1.0.2.tgz. Extracting by manifest.
472 silly tarball no local data for safer-buffer@https://registry.npmjs.org/safer-buffer/-/safer-buffer-2.1.2.tgz. Extracting by manifest.
473 silly tarball no local data for mime-db@https://registry.npmjs.org/mime-db/-/mime-db-1.54.0.tgz. Extracting by manifest.
474 silly tarball no local data for toidentifier@https://registry.npmjs.org/toidentifier/-/toidentifier-1.0.1.tgz. Extracting by manifest.
475 silly tarball no local data for setprototypeof@https://registry.npmjs.org/setprototypeof/-/setprototypeof-1.2.0.tgz. Extracting by manifest.
476 silly tarball no local data for depd@https://registry.npmjs.org/depd/-/depd-2.0.0.tgz. Extracting by manifest.
477 silly tarball no local data for safe-buffer@https://registry.npmjs.org/safe-buffer/-/safe-buffer-5.2.1.tgz. Extracting by manifest.
478 silly tarball no local data for ms@https://registry.npmjs.org/ms/-/ms-2.1.3.tgz. Extracting by manifest.
479 silly tarball no local data for raw-body@https://registry.npmjs.org/raw-body/-/raw-body-3.0.0.tgz. Extracting by manifest.
480 silly tarball no local data for negotiator@https://registry.npmjs.org/negotiator/-/negotiator-1.0.0.tgz. Extracting by manifest.
481 silly tarball no local data for iconv-lite@https://registry.npmjs.org/iconv-lite/-/iconv-lite-0.6.3.tgz. Extracting by manifest.
482 silly tarball no local data for bytes@https://registry.npmjs.org/bytes/-/bytes-3.1.2.tgz. Extracting by manifest.
483 silly tarball no local data for vary@https://registry.npmjs.org/vary/-/vary-1.1.2.tgz. Extracting by manifest.
484 silly tarball no local data for serve-static@https://registry.npmjs.org/serve-static/-/serve-static-2.2.0.tgz. Extracting by manifest.
485 silly tarball no local data for type-is@https://registry.npmjs.org/type-is/-/type-is-2.0.1.tgz. Extracting by manifest.
486 silly tarball no local data for router@https://registry.npmjs.org/router/-/router-2.2.0.tgz. Extracting by manifest.
487 silly tarball no local data for statuses@https://registry.npmjs.org/statuses/-/statuses-2.0.1.tgz. Extracting by manifest.
488 silly tarball no local data for qs@https://registry.npmjs.org/qs/-/qs-6.14.0.tgz. Extracting by manifest.
489 silly tarball no local data for send@https://registry.npmjs.org/send/-/send-1.2.0.tgz. Extracting by manifest.
490 silly tarball no local data for proxy-addr@https://registry.npmjs.org/proxy-addr/-/proxy-addr-2.0.7.tgz. Extracting by manifest.
491 silly tarball no local data for range-parser@https://registry.npmjs.org/range-parser/-/range-parser-1.2.1.tgz. Extracting by manifest.
492 silly tarball no local data for parseurl@https://registry.npmjs.org/parseurl/-/parseurl-1.3.3.tgz. Extracting by manifest.
493 silly tarball no local data for once@https://registry.npmjs.org/once/-/once-1.4.0.tgz. Extracting by manifest.
494 silly tarball no local data for merge-descriptors@https://registry.npmjs.org/merge-descriptors/-/merge-descriptors-2.0.0.tgz. Extracting by manifest.
495 silly tarball no local data for on-finished@https://registry.npmjs.org/on-finished/-/on-finished-2.4.1.tgz. Extracting by manifest.
496 silly tarball no local data for fresh@https://registry.npmjs.org/fresh/-/fresh-2.0.0.tgz. Extracting by manifest.
497 silly tarball no local data for mime-types@https://registry.npmjs.org/mime-types/-/mime-types-3.0.1.tgz. Extracting by manifest.
498 silly tarball no local data for finalhandler@https://registry.npmjs.org/finalhandler/-/finalhandler-2.1.0.tgz. Extracting by manifest.
499 silly tarball no local data for http-errors@https://registry.npmjs.org/http-errors/-/http-errors-2.0.0.tgz. Extracting by manifest.
500 silly tarball no local data for etag@https://registry.npmjs.org/etag/-/etag-1.8.1.tgz. Extracting by manifest.
501 silly tarball no local data for encodeurl@https://registry.npmjs.org/encodeurl/-/encodeurl-2.0.0.tgz. Extracting by manifest.
502 silly tarball no local data for escape-html@https://registry.npmjs.org/escape-html/-/escape-html-1.0.3.tgz. Extracting by manifest.
503 silly tarball no local data for cookie-signature@https://registry.npmjs.org/cookie-signature/-/cookie-signature-1.2.2.tgz. Extracting by manifest.
504 silly tarball no local data for debug@https://registry.npmjs.org/debug/-/debug-4.4.0.tgz. Extracting by manifest.
505 silly tarball no local data for content-type@https://registry.npmjs.org/content-type/-/content-type-1.0.5.tgz. Extracting by manifest.
506 silly tarball no local data for cookie@https://registry.npmjs.org/cookie/-/cookie-0.7.2.tgz. Extracting by manifest.
507 silly tarball no local data for body-parser@https://registry.npmjs.org/body-parser/-/body-parser-2.2.0.tgz. Extracting by manifest.
508 silly tarball no local data for content-disposition@https://registry.npmjs.org/content-disposition/-/content-disposition-1.0.0.tgz. Extracting by manifest.
509 silly tarball no local data for express@https://registry.npmjs.org/express/-/express-5.1.0.tgz. Extracting by manifest.
510 silly tarball no local data for accepts@https://registry.npmjs.org/accepts/-/accepts-2.0.0.tgz. Extracting by manifest.
511 silly tarball no local data for date-fns@https://registry.npmjs.org/date-fns/-/date-fns-4.1.0.tgz. Extracting by manifest.
512 silly tarball no local data for inherits@https://registry.npmjs.org/inherits/-/inherits-2.0.4.tgz. Extracting by manifest.
513 http fetch POST 200 https://registry.npmjs.org/-/npm/v1/security/advisories/bulk 430ms
514 silly audit report {}
515 http fetch GET 200 https://registry.npmjs.org/dunder-proto/-/dunder-proto-1.0.1.tgz 823ms (cache miss)
516 http fetch GET 200 https://registry.npmjs.org/media-typer/-/media-typer-1.1.0.tgz 870ms (cache miss)
517 http fetch GET 200 https://registry.npmjs.org/es-errors/-/es-errors-1.3.0.tgz 885ms (cache miss)
518 http fetch GET 200 https://registry.npmjs.org/side-channel-map/-/side-channel-map-1.0.1.tgz 887ms (cache miss)
519 http fetch GET 200 https://registry.npmjs.org/is-promise/-/is-promise-4.0.0.tgz 886ms (cache miss)
520 http fetch GET 200 https://registry.npmjs.org/side-channel-list/-/side-channel-list-1.0.0.tgz 998ms (cache miss)
521 http fetch GET 200 https://registry.npmjs.org/side-channel/-/side-channel-1.1.0.tgz 998ms (cache miss)
522 http fetch GET 200 https://registry.npmjs.org/path-to-regexp/-/path-to-regexp-8.2.0.tgz 1027ms (cache miss)
523 http fetch GET 200 https://registry.npmjs.org/ee-first/-/ee-first-1.1.1.tgz 1054ms (cache miss)
524 http fetch GET 200 https://registry.npmjs.org/forwarded/-/forwarded-0.2.0.tgz 1055ms (cache miss)
525 http fetch GET 200 https://registry.npmjs.org/finalhandler/-/finalhandler-2.1.0.tgz 1022ms (cache miss)
526 http fetch GET 200 https://registry.npmjs.org/raw-body/-/raw-body-3.0.0.tgz 1069ms (cache miss)
527 http fetch GET 200 https://registry.npmjs.org/merge-descriptors/-/merge-descriptors-2.0.0.tgz 1042ms (cache miss)
528 http fetch GET 200 https://registry.npmjs.org/body-parser/-/body-parser-2.2.0.tgz 1040ms (cache miss)
529 http fetch GET 200 https://registry.npmjs.org/wrappy/-/wrappy-1.0.2.tgz 1093ms (cache miss)
530 http fetch GET 200 https://registry.npmjs.org/unpipe/-/unpipe-1.0.0.tgz 1095ms (cache miss)
531 http fetch GET 200 https://registry.npmjs.org/vary/-/vary-1.1.2.tgz 1080ms (cache miss)
532 http fetch GET 200 https://registry.npmjs.org/serve-static/-/serve-static-2.2.0.tgz 1081ms (cache miss)
533 http fetch GET 200 https://registry.npmjs.org/once/-/once-1.4.0.tgz 1072ms (cache miss)
534 http fetch GET 200 https://registry.npmjs.org/ms/-/ms-2.1.3.tgz 1112ms (cache miss)
535 http fetch GET 200 https://registry.npmjs.org/toidentifier/-/toidentifier-1.0.1.tgz 1115ms (cache miss)
536 http fetch GET 200 https://registry.npmjs.org/cookie-signature/-/cookie-signature-1.2.2.tgz 1093ms (cache miss)
537 http fetch GET 200 https://registry.npmjs.org/escape-html/-/escape-html-1.0.3.tgz 1094ms (cache miss)
538 http fetch GET 200 https://registry.npmjs.org/mime-types/-/mime-types-3.0.1.tgz 1119ms (cache miss)
539 http fetch GET 200 https://registry.npmjs.org/range-parser/-/range-parser-1.2.1.tgz 1127ms (cache miss)
540 http fetch GET 200 https://registry.npmjs.org/encodeurl/-/encodeurl-2.0.0.tgz 1114ms (cache miss)
541 http fetch GET 200 https://registry.npmjs.org/setprototypeof/-/setprototypeof-1.2.0.tgz 1169ms (cache miss)
542 http fetch GET 200 https://registry.npmjs.org/bytes/-/bytes-3.1.2.tgz 1157ms (cache miss)
543 http fetch GET 200 https://registry.npmjs.org/fresh/-/fresh-2.0.0.tgz 1147ms (cache miss)
544 http fetch GET 200 https://registry.npmjs.org/parseurl/-/parseurl-1.3.3.tgz 1163ms (cache miss)
545 http fetch GET 200 https://registry.npmjs.org/inherits/-/inherits-2.0.4.tgz 1152ms (cache miss)
546 http fetch GET 200 https://registry.npmjs.org/etag/-/etag-1.8.1.tgz 1197ms (cache miss)
547 http fetch GET 200 https://registry.npmjs.org/statuses/-/statuses-2.0.1.tgz 1216ms (cache miss)
548 http fetch GET 200 https://registry.npmjs.org/content-type/-/content-type-1.0.5.tgz 1199ms (cache miss)
549 http fetch GET 200 https://registry.npmjs.org/http-errors/-/http-errors-2.0.0.tgz 1264ms (cache miss)
550 http fetch GET 200 https://registry.npmjs.org/on-finished/-/on-finished-2.4.1.tgz 1298ms (cache miss)
551 http fetch GET 200 https://registry.npmjs.org/accepts/-/accepts-2.0.0.tgz 1294ms (cache miss)
552 http fetch GET 200 https://registry.npmjs.org/type-is/-/type-is-2.0.1.tgz 1332ms (cache miss)
553 http fetch GET 200 https://registry.npmjs.org/proxy-addr/-/proxy-addr-2.0.7.tgz 1337ms (cache miss)
554 http fetch GET 200 https://registry.npmjs.org/content-disposition/-/content-disposition-1.0.0.tgz 1328ms (cache miss)
555 http fetch GET 200 https://registry.npmjs.org/cookie/-/cookie-0.7.2.tgz 1331ms (cache miss)
556 http fetch GET 200 https://registry.npmjs.org/depd/-/depd-2.0.0.tgz 1385ms (cache miss)
557 http fetch GET 200 https://registry.npmjs.org/safe-buffer/-/safe-buffer-5.2.1.tgz 1403ms (cache miss)
558 http fetch GET 200 https://registry.npmjs.org/ipaddr.js/-/ipaddr.js-1.9.1.tgz 1420ms (cache miss)
559 http fetch GET 200 https://registry.npmjs.org/hasown/-/hasown-2.0.2.tgz 1449ms (cache miss)
560 http fetch GET 200 https://registry.npmjs.org/send/-/send-1.2.0.tgz 1429ms (cache miss)
561 http fetch GET 200 https://registry.npmjs.org/negotiator/-/negotiator-1.0.0.tgz 1486ms (cache miss)
562 http fetch GET 200 https://registry.npmjs.org/es-define-property/-/es-define-property-1.0.1.tgz 1525ms (cache miss)
563 http fetch GET 200 https://registry.npmjs.org/call-bound/-/call-bound-1.0.4.tgz 1553ms (cache miss)
564 http fetch GET 200 https://registry.npmjs.org/get-intrinsic/-/get-intrinsic-1.3.0.tgz 1556ms (cache miss)
565 http fetch GET 200 https://registry.npmjs.org/safer-buffer/-/safer-buffer-2.1.2.tgz 1541ms (cache miss)
566 http fetch GET 200 https://registry.npmjs.org/gopd/-/gopd-1.2.0.tgz 1570ms (cache miss)
567 http fetch GET 200 https://registry.npmjs.org/function-bind/-/function-bind-1.1.2.tgz 1571ms (cache miss)
568 http fetch GET 200 https://registry.npmjs.org/side-channel-weakmap/-/side-channel-weakmap-1.0.2.tgz 1568ms (cache miss)
569 http fetch GET 200 https://registry.npmjs.org/mime-db/-/mime-db-1.54.0.tgz 1558ms (cache miss)
570 http fetch GET 200 https://registry.npmjs.org/debug/-/debug-4.4.0.tgz 1520ms (cache miss)
571 http fetch GET 200 https://registry.npmjs.org/router/-/router-2.2.0.tgz 1541ms (cache miss)
572 http fetch GET 200 https://registry.npmjs.org/get-proto/-/get-proto-1.0.1.tgz 1598ms (cache miss)
573 http fetch GET 200 https://registry.npmjs.org/es-object-atoms/-/es-object-atoms-1.1.1.tgz 1617ms (cache miss)
574 http fetch GET 200 https://registry.npmjs.org/has-symbols/-/has-symbols-1.1.0.tgz 1643ms (cache miss)
575 http fetch GET 200 https://registry.npmjs.org/call-bind-apply-helpers/-/call-bind-apply-helpers-1.0.2.tgz 1675ms (cache miss)
576 http fetch GET 200 https://registry.npmjs.org/express/-/express-5.1.0.tgz 1624ms (cache miss)
577 http fetch GET 200 https://registry.npmjs.org/qs/-/qs-6.14.0.tgz 1676ms (cache miss)
578 http fetch GET 200 https://registry.npmjs.org/object-inspect/-/object-inspect-1.13.4.tgz 1748ms (cache miss)
579 http fetch GET 200 https://registry.npmjs.org/math-intrinsics/-/math-intrinsics-1.1.0.tgz 1780ms (cache miss)
580 http fetch GET 200 https://registry.npmjs.org/iconv-lite/-/iconv-lite-0.6.3.tgz 1779ms (cache miss)
581 http fetch GET 200 https://registry.npmjs.org/date-fns/-/date-fns-4.1.0.tgz 13731ms (cache miss)
582 silly ADD node_modules/media-typer
583 silly ADD node_modules/dunder-proto
584 silly ADD node_modules/math-intrinsics
585 silly ADD node_modules/hasown
586 silly ADD node_modules/has-symbols
587 silly ADD node_modules/gopd
588 silly ADD node_modules/get-proto
589 silly ADD node_modules/es-object-atoms
590 silly ADD node_modules/es-define-property
591 silly ADD node_modules/function-bind
592 silly ADD node_modules/call-bind-apply-helpers
593 silly ADD node_modules/get-intrinsic
594 silly ADD node_modules/call-bound
595 silly ADD node_modules/side-channel-weakmap
596 silly ADD node_modules/side-channel-map
597 silly ADD node_modules/side-channel-list
598 silly ADD node_modules/object-inspect
599 silly ADD node_modules/es-errors
600 silly ADD node_modules/path-to-regexp
601 silly ADD node_modules/is-promise
602 silly ADD node_modules/unpipe
603 silly ADD node_modules/side-channel
604 silly ADD node_modules/ipaddr.js
605 silly ADD node_modules/forwarded
606 silly ADD node_modules/wrappy
607 silly ADD node_modules/ee-first
608 silly ADD node_modules/mime-db
609 silly ADD node_modules/safer-buffer
610 silly ADD node_modules/toidentifier
611 silly ADD node_modules/setprototypeof
612 silly ADD node_modules/inherits
613 silly ADD node_modules/depd
614 silly ADD node_modules/ms
615 silly ADD node_modules/safe-buffer
616 silly ADD node_modules/raw-body
617 silly ADD node_modules/iconv-lite
618 silly ADD node_modules/bytes
619 silly ADD node_modules/negotiator
620 silly ADD node_modules/vary
621 silly ADD node_modules/type-is
622 silly ADD node_modules/statuses
623 silly ADD node_modules/serve-static
624 silly ADD node_modules/send
625 silly ADD node_modules/router
626 silly ADD node_modules/range-parser
627 silly ADD node_modules/qs
628 silly ADD node_modules/proxy-addr
629 silly ADD node_modules/parseurl
630 silly ADD node_modules/once
631 silly ADD node_modules/on-finished
632 silly ADD node_modules/mime-types
633 silly ADD node_modules/merge-descriptors
634 silly ADD node_modules/http-errors
635 silly ADD node_modules/fresh
636 silly ADD node_modules/finalhandler
637 silly ADD node_modules/etag
638 silly ADD node_modules/escape-html
639 silly ADD node_modules/encodeurl
640 silly ADD node_modules/debug
641 silly ADD node_modules/cookie-signature
642 silly ADD node_modules/cookie
643 silly ADD node_modules/content-type
644 silly ADD node_modules/content-disposition
645 silly ADD node_modules/body-parser
646 silly ADD node_modules/accepts
647 silly ADD node_modules/express
648 silly ADD node_modules/date-fns
649 verbose cwd E:\backend learn\ecommerce_nodejs
650 verbose os Windows_NT 10.0.19045
651 verbose node v22.14.0
652 verbose npm  v11.1.0
653 verbose exit 0
654 info ok
