0 verbose cli C:\Program Files\nodejs\node.exe C:\Users\Dell\AppData\Roaming\npm\node_modules\npm\bin\npm-cli.js
1 info using npm@11.1.0
2 info using node@v22.14.0
3 silly config load:file:C:\Users\Dell\AppData\Roaming\npm\node_modules\npm\npmrc
4 silly config load:file:E:\backend learn\ecommerce_nodejs\.npmrc
5 silly config load:file:C:\Users\Dell\.npmrc
6 silly config load:file:C:\Users\Dell\AppData\Roaming\npm\etc\npmrc
7 verbose title npm i resend
8 verbose argv "i" "resend"
9 verbose logfile logs-max:10 dir:E:\backend learn\ecommerce_nodejs\clean\_logs\2025-04-11T16_46_38_379Z-
10 verbose logfile E:\backend learn\ecommerce_nodejs\clean\_logs\2025-04-11T16_46_38_379Z-debug-0.log
11 silly logfile start cleaning logs, removing 1 files
12 silly packumentCache heap:2197815296 maxSize:549453824 maxEntrySize:274726912
13 silly logfile done cleaning log files
14 silly idealTree buildDeps
15 silly fetch manifest resend@*
16 silly packumentCache full:https://registry.npmjs.org/resend cache-miss
17 http fetch GET 200 https://registry.npmjs.org/npm 323ms
18 http fetch GET 200 https://registry.npmjs.org/resend 319ms (cache miss)
19 silly packumentCache full:https://registry.npmjs.org/resend set size:undefined disposed:false
20 silly placeDep ROOT resend@4.2.0 OK for: ecommerce_nodejs@1.0.0 want: *
21 silly fetch manifest @react-email/render@1.0.5
22 silly packumentCache full:https://registry.npmjs.org/@react-email%2frender cache-miss
23 http fetch GET 200 https://registry.npmjs.org/@react-email%2frender 373ms (cache miss)
24 silly packumentCache full:https://registry.npmjs.org/@react-email%2frender set size:undefined disposed:false
25 silly fetch manifest react@^18.0 || ^19.0 || ^19.0.0-rc
26 silly packumentCache full:https://registry.npmjs.org/react cache-miss
27 http fetch GET 200 https://registry.npmjs.org/react 161ms (cache miss)
28 silly packumentCache full:https://registry.npmjs.org/react set size:undefined disposed:false
29 silly fetch manifest react-dom@^18.0 || ^19.0 || ^19.0.0-rc
30 silly packumentCache full:https://registry.npmjs.org/react-dom cache-miss
31 http fetch GET 200 https://registry.npmjs.org/react-dom 141ms (cache miss)
32 silly packumentCache full:https://registry.npmjs.org/react-dom set size:undefined disposed:false
33 silly placeDep ROOT @react-email/render@1.0.5 OK for: resend@4.2.0 want: 1.0.5
34 silly placeDep ROOT react@19.1.0 OK for: @react-email/render@1.0.5 want: ^18.0 || ^19.0 || ^19.0.0-rc
35 silly placeDep ROOT react-dom@19.1.0 OK for: @react-email/render@1.0.5 want: ^18.0 || ^19.0 || ^19.0.0-rc
36 silly fetch manifest prettier@3.4.2
37 silly packumentCache full:https://registry.npmjs.org/prettier cache-miss
38 silly fetch manifest html-to-text@9.0.5
39 silly packumentCache full:https://registry.npmjs.org/html-to-text cache-miss
40 silly fetch manifest react-promise-suspense@0.3.4
41 silly packumentCache full:https://registry.npmjs.org/react-promise-suspense cache-miss
42 http fetch GET 200 https://registry.npmjs.org/prettier 117ms (cache miss)
43 silly packumentCache full:https://registry.npmjs.org/prettier set size:undefined disposed:false
44 silly fetch manifest scheduler@^0.26.0
45 silly packumentCache full:https://registry.npmjs.org/scheduler cache-miss
46 http fetch GET 200 https://registry.npmjs.org/react-promise-suspense 156ms (cache miss)
47 silly packumentCache full:https://registry.npmjs.org/react-promise-suspense set size:undefined disposed:false
48 http fetch GET 200 https://registry.npmjs.org/scheduler 168ms (cache miss)
49 silly packumentCache full:https://registry.npmjs.org/scheduler set size:undefined disposed:false
50 http fetch GET 200 https://registry.npmjs.org/html-to-text 924ms (cache miss)
51 silly packumentCache full:https://registry.npmjs.org/html-to-text set size:undefined disposed:false
52 silly placeDep ROOT html-to-text@9.0.5 OK for: @react-email/render@1.0.5 want: 9.0.5
53 silly placeDep ROOT prettier@3.4.2 OK for: @react-email/render@1.0.5 want: 3.4.2
54 silly placeDep ROOT react-promise-suspense@0.3.4 OK for: @react-email/render@1.0.5 want: 0.3.4
55 silly fetch manifest @selderee/plugin-htmlparser2@^0.11.0
56 silly packumentCache full:https://registry.npmjs.org/@selderee%2fplugin-htmlparser2 cache-miss
57 silly fetch manifest deepmerge@^4.3.1
58 silly packumentCache full:https://registry.npmjs.org/deepmerge cache-miss
59 silly fetch manifest dom-serializer@^2.0.0
60 silly packumentCache full:https://registry.npmjs.org/dom-serializer cache-miss
61 http fetch GET 200 https://registry.npmjs.org/dom-serializer 95ms (cache miss)
62 silly packumentCache full:https://registry.npmjs.org/dom-serializer set size:undefined disposed:false
63 silly fetch manifest htmlparser2@^8.0.2
64 silly packumentCache full:https://registry.npmjs.org/htmlparser2 cache-miss
65 http fetch GET 200 https://registry.npmjs.org/deepmerge 161ms (cache miss)
66 silly packumentCache full:https://registry.npmjs.org/deepmerge set size:undefined disposed:false
67 silly fetch manifest selderee@^0.11.0
68 silly packumentCache full:https://registry.npmjs.org/selderee cache-miss
69 http fetch GET 200 https://registry.npmjs.org/htmlparser2 106ms (cache miss)
70 silly packumentCache full:https://registry.npmjs.org/htmlparser2 set size:undefined disposed:false
71 silly fetch manifest fast-deep-equal@^2.0.1
72 silly packumentCache full:https://registry.npmjs.org/fast-deep-equal cache-miss
73 http fetch GET 200 https://registry.npmjs.org/fast-deep-equal 82ms (cache miss)
74 silly packumentCache full:https://registry.npmjs.org/fast-deep-equal set size:undefined disposed:false
75 http fetch GET 200 https://registry.npmjs.org/@selderee%2fplugin-htmlparser2 382ms (cache miss)
76 silly packumentCache full:https://registry.npmjs.org/@selderee%2fplugin-htmlparser2 set size:undefined disposed:false
77 http fetch GET 200 https://registry.npmjs.org/selderee 996ms (cache miss)
78 silly packumentCache full:https://registry.npmjs.org/selderee set size:undefined disposed:false
79 silly placeDep ROOT @selderee/plugin-htmlparser2@0.11.0 OK for: html-to-text@9.0.5 want: ^0.11.0
80 silly placeDep ROOT deepmerge@4.3.1 OK for: html-to-text@9.0.5 want: ^4.3.1
81 silly placeDep ROOT dom-serializer@2.0.0 OK for: html-to-text@9.0.5 want: ^2.0.0
82 silly placeDep ROOT htmlparser2@8.0.2 OK for: html-to-text@9.0.5 want: ^8.0.2
83 silly placeDep ROOT selderee@0.11.0 OK for: html-to-text@9.0.5 want: ^0.11.0
84 silly fetch manifest domhandler@^5.0.3
85 silly packumentCache full:https://registry.npmjs.org/domhandler cache-miss
86 silly fetch manifest domelementtype@^2.3.0
87 silly packumentCache full:https://registry.npmjs.org/domelementtype cache-miss
88 silly fetch manifest domhandler@^5.0.2
89 silly packumentCache full:https://registry.npmjs.org/domhandler cache-miss
90 http fetch GET 200 https://registry.npmjs.org/domhandler 88ms (cache miss)
91 silly packumentCache full:https://registry.npmjs.org/domhandler set size:undefined disposed:false
92 silly fetch manifest entities@^4.2.0
93 silly packumentCache full:https://registry.npmjs.org/entities cache-miss
94 http fetch GET 200 https://registry.npmjs.org/domhandler 97ms (cache miss)
95 silly packumentCache full:https://registry.npmjs.org/domhandler set size:undefined disposed:false
96 silly fetch manifest domutils@^3.0.1
97 silly packumentCache full:https://registry.npmjs.org/domutils cache-miss
98 http fetch GET 200 https://registry.npmjs.org/domelementtype 109ms (cache miss)
99 silly packumentCache full:https://registry.npmjs.org/domelementtype set size:undefined disposed:false
100 silly fetch manifest entities@^4.4.0
101 silly packumentCache full:https://registry.npmjs.org/entities cache-miss
102 http fetch GET 200 https://registry.npmjs.org/entities 83ms (cache miss)
103 silly packumentCache full:https://registry.npmjs.org/entities set size:undefined disposed:false
104 silly fetch manifest parseley@^0.12.0
105 silly packumentCache full:https://registry.npmjs.org/parseley cache-miss
106 http fetch GET 200 https://registry.npmjs.org/domutils 93ms (cache miss)
107 silly packumentCache full:https://registry.npmjs.org/domutils set size:undefined disposed:false
108 http fetch GET 200 https://registry.npmjs.org/entities 108ms (cache miss)
109 silly packumentCache full:https://registry.npmjs.org/entities set size:undefined disposed:false
110 http fetch GET 200 https://registry.npmjs.org/parseley 100ms (cache miss)
111 silly packumentCache full:https://registry.npmjs.org/parseley set size:undefined disposed:false
112 silly placeDep ROOT domhandler@5.0.3 OK for: @selderee/plugin-htmlparser2@0.11.0 want: ^5.0.3
113 silly placeDep ROOT domelementtype@2.3.0 OK for: dom-serializer@2.0.0 want: ^2.3.0
114 silly placeDep ROOT entities@4.5.0 OK for: dom-serializer@2.0.0 want: ^4.2.0
115 silly placeDep ROOT domutils@3.2.2 OK for: htmlparser2@8.0.2 want: ^3.0.1
116 silly placeDep ROOT scheduler@0.26.0 OK for: react-dom@19.1.0 want: ^0.26.0
117 silly placeDep ROOT fast-deep-equal@2.0.1 OK for: react-promise-suspense@0.3.4 want: ^2.0.1
118 silly placeDep ROOT parseley@0.12.1 OK for: selderee@0.11.0 want: ^0.12.0
119 silly fetch manifest leac@^0.6.0
120 silly packumentCache full:https://registry.npmjs.org/leac cache-miss
121 silly fetch manifest peberminta@^0.9.0
122 silly packumentCache full:https://registry.npmjs.org/peberminta cache-miss
123 http fetch GET 200 https://registry.npmjs.org/leac 83ms (cache miss)
124 silly packumentCache full:https://registry.npmjs.org/leac set size:undefined disposed:false
125 http fetch GET 200 https://registry.npmjs.org/peberminta 89ms (cache miss)
126 silly packumentCache full:https://registry.npmjs.org/peberminta set size:undefined disposed:false
127 silly placeDep ROOT leac@0.6.0 OK for: parseley@0.12.1 want: ^0.6.0
128 silly placeDep ROOT peberminta@0.9.0 OK for: parseley@0.12.1 want: ^0.9.0
129 silly reify moves {}
130 silly audit bulk request {
130 silly audit   '@mongodb-js/saslprep': [ '1.2.0' ],
130 silly audit   '@types/webidl-conversions': [ '7.0.3' ],
130 silly audit   '@types/whatwg-url': [ '11.0.5' ],
130 silly audit   accepts: [ '1.3.8' ],
130 silly audit   anymatch: [ '3.1.3' ],
130 silly audit   'append-field': [ '1.0.0' ],
130 silly audit   'array-flatten': [ '1.1.1' ],
130 silly audit   asynckit: [ '0.4.0' ],
130 silly audit   axios: [ '1.8.4' ],
130 silly audit   'balanced-match': [ '1.0.2' ],
130 silly audit   bcryptjs: [ '3.0.2' ],
130 silly audit   'binary-extensions': [ '2.3.0' ],
130 silly audit   'body-parser': [ '1.20.3' ],
130 silly audit   'brace-expansion': [ '1.1.11' ],
130 silly audit   braces: [ '3.0.3' ],
130 silly audit   bson: [ '6.10.3' ],
130 silly audit   'buffer-equal-constant-time': [ '1.0.1' ],
130 silly audit   'buffer-from': [ '1.1.2' ],
130 silly audit   busboy: [ '1.6.0' ],
130 silly audit   bytes: [ '3.1.2' ],
130 silly audit   'call-bind-apply-helpers': [ '1.0.2' ],
130 silly audit   'call-bound': [ '1.0.4' ],
130 silly audit   chokidar: [ '3.6.0' ],
130 silly audit   cloudinary: [ '2.6.0' ],
130 silly audit   'combined-stream': [ '1.0.8' ],
130 silly audit   'concat-map': [ '0.0.1' ],
130 silly audit   'concat-stream': [ '1.6.2' ],
130 silly audit   'content-disposition': [ '0.5.4' ],
130 silly audit   'content-type': [ '1.0.5' ],
130 silly audit   cookie: [ '0.7.1' ],
130 silly audit   'cookie-signature': [ '1.0.6' ],
130 silly audit   'core-util-is': [ '1.0.3' ],
130 silly audit   'date-fns': [ '4.1.0' ],
130 silly audit   debug: [ '2.6.9', '4.4.0' ],
130 silly audit   'delayed-stream': [ '1.0.0' ],
130 silly audit   depd: [ '2.0.0' ],
130 silly audit   destroy: [ '1.2.0' ],
130 silly audit   dotenv: [ '16.4.7' ],
130 silly audit   'dunder-proto': [ '1.0.1' ],
130 silly audit   'ecdsa-sig-formatter': [ '1.0.11' ],
130 silly audit   'ee-first': [ '1.1.1' ],
130 silly audit   encodeurl: [ '2.0.0', '1.0.2' ],
130 silly audit   'es-define-property': [ '1.0.1' ],
130 silly audit   'es-errors': [ '1.3.0' ],
130 silly audit   'es-object-atoms': [ '1.1.1' ],
130 silly audit   'es-set-tostringtag': [ '2.1.0' ],
130 silly audit   'escape-html': [ '1.0.3' ],
130 silly audit   etag: [ '1.8.1' ],
130 silly audit   express: [ '4.21.2' ],
130 silly audit   'fill-range': [ '7.1.1' ],
130 silly audit   finalhandler: [ '1.3.1' ],
130 silly audit   'follow-redirects': [ '1.15.9' ],
130 silly audit   foreachasync: [ '3.0.0' ],
130 silly audit   'form-data': [ '4.0.2' ],
130 silly audit   forwarded: [ '0.2.0' ],
130 silly audit   fresh: [ '0.5.2' ],
130 silly audit   fsevents: [ '2.3.3' ],
130 silly audit   'function-bind': [ '1.1.2' ],
130 silly audit   'get-intrinsic': [ '1.3.0' ],
130 silly audit   'get-proto': [ '1.0.1' ],
130 silly audit   'glob-parent': [ '5.1.2' ],
130 silly audit   gopd: [ '1.2.0' ],
130 silly audit   handlebars: [ '4.7.7' ],
130 silly audit   'has-flag': [ '3.0.0' ],
130 silly audit   'has-symbols': [ '1.1.0' ],
130 silly audit   'has-tostringtag': [ '1.0.2' ],
130 silly audit   hasown: [ '2.0.2' ],
130 silly audit   hbs: [ '4.2.0' ],
130 silly audit   'http-errors': [ '2.0.0' ],
130 silly audit   'iconv-lite': [ '0.4.24' ],
130 silly audit   'ignore-by-default': [ '1.0.1' ],
130 silly audit   inherits: [ '2.0.4' ],
130 silly audit   'ipaddr.js': [ '1.9.1' ],
130 silly audit   'is-binary-path': [ '2.1.0' ],
130 silly audit   'is-extglob': [ '2.1.1' ],
130 silly audit   'is-glob': [ '4.0.3' ],
130 silly audit   'is-number': [ '7.0.0' ],
130 silly audit   isarray: [ '1.0.0' ],
130 silly audit   jsonwebtoken: [ '9.0.2' ],
130 silly audit   ms: [ '2.1.3', '2.0.0' ],
130 silly audit   jwa: [ '1.4.1' ],
130 silly audit   jws: [ '3.2.2' ],
130 silly audit   kareem: [ '2.6.3' ],
130 silly audit   lodash: [ '4.17.21' ],
130 silly audit   'lodash.includes': [ '4.3.0' ],
130 silly audit   'lodash.isboolean': [ '3.0.3' ],
130 silly audit   'lodash.isinteger': [ '4.0.4' ],
130 silly audit   'lodash.isnumber': [ '3.0.3' ],
130 silly audit   'lodash.isplainobject': [ '4.0.6' ],
130 silly audit   'lodash.isstring': [ '4.0.1' ],
130 silly audit   'lodash.once': [ '4.1.1' ],
130 silly audit   'math-intrinsics': [ '1.1.0' ],
130 silly audit   'media-typer': [ '0.3.0' ],
130 silly audit   'memory-pager': [ '1.5.0' ],
130 silly audit   'merge-descriptors': [ '1.0.3' ],
130 silly audit   methods: [ '1.1.2' ],
130 silly audit   mime: [ '1.6.0' ],
130 silly audit   'mime-db': [ '1.52.0' ],
130 silly audit   'mime-types': [ '2.1.35' ],
130 silly audit   minimatch: [ '3.1.2' ],
130 silly audit   minimist: [ '1.2.8' ],
130 silly audit   mkdirp: [ '0.5.6' ],
130 silly audit   mongodb: [ '6.15.0' ],
130 silly audit   'mongodb-connection-string-url': [ '3.0.2' ],
130 silly audit   mongoose: [ '8.13.1' ],
130 silly audit   mpath: [ '0.9.0' ],
130 silly audit   mquery: [ '5.0.0' ],
130 silly audit   multer: [ '1.4.5-lts.2' ],
130 silly audit   negotiator: [ '0.6.3' ],
130 silly audit   'neo-async': [ '2.6.2' ],
130 silly audit   nodemon: [ '3.1.9' ],
130 silly audit   'normalize-path': [ '3.0.0' ],
130 silly audit   'object-assign': [ '4.1.1' ],
130 silly audit   'object-inspect': [ '1.13.4' ],
130 silly audit   'on-finished': [ '2.4.1' ],
130 silly audit   parseurl: [ '1.3.3' ],
130 silly audit   'path-to-regexp': [ '0.1.12' ],
130 silly audit   picomatch: [ '2.3.1' ],
130 silly audit   'process-nextick-args': [ '2.0.1' ],
130 silly audit   'proxy-addr': [ '2.0.7' ],
130 silly audit   'proxy-from-env': [ '1.1.0' ],
130 silly audit   'pstree.remy': [ '1.1.8' ],
130 silly audit   punycode: [ '2.3.1' ],
130 silly audit   q: [ '1.5.1' ],
130 silly audit   qs: [ '6.13.0' ],
130 silly audit   'range-parser': [ '1.2.1' ],
130 silly audit   'raw-body': [ '2.5.2' ],
130 silly audit   'readable-stream': [ '2.3.8' ],
130 silly audit   'safe-buffer': [ '5.1.2', '5.2.1' ],
130 silly audit   readdirp: [ '3.6.0' ],
130 silly audit   'safer-buffer': [ '2.1.2' ],
130 silly audit   semver: [ '7.7.1' ],
130 silly audit   send: [ '0.19.0' ],
130 silly audit   'serve-static': [ '1.16.2' ],
130 silly audit   setprototypeof: [ '1.2.0' ],
130 silly audit   'side-channel': [ '1.1.0' ],
130 silly audit   'side-channel-list': [ '1.0.0' ],
130 silly audit   'side-channel-map': [ '1.0.1' ],
130 silly audit   'side-channel-weakmap': [ '1.0.2' ],
130 silly audit   sift: [ '17.1.3' ],
130 silly audit   'simple-update-notifier': [ '2.0.0' ],
130 silly audit   'source-map': [ '0.6.1' ],
130 silly audit   'sparse-bitfield': [ '3.0.3' ],
130 silly audit   statuses: [ '2.0.1' ],
130 silly audit   streamsearch: [ '1.1.0' ],
130 silly audit   string_decoder: [ '1.1.1' ],
130 silly audit   'supports-color': [ '5.5.0' ],
130 silly audit   'to-regex-range': [ '5.0.1' ],
130 silly audit   toidentifier: [ '1.0.1' ],
130 silly audit   touch: [ '3.1.1' ],
130 silly audit   tr46: [ '5.1.0' ],
130 silly audit   'type-is': [ '1.6.18' ],
130 silly audit   typedarray: [ '0.0.6' ],
130 silly audit   'uglify-js': [ '3.19.3' ],
130 silly audit   undefsafe: [ '2.0.5' ],
130 silly audit   unpipe: [ '1.0.0' ],
130 silly audit   'util-deprecate': [ '1.0.2' ],
130 silly audit   'utils-merge': [ '1.0.1' ],
130 silly audit   vary: [ '1.1.2' ],
130 silly audit   walk: [ '2.3.15' ],
130 silly audit   'webidl-conversions': [ '7.0.0' ],
130 silly audit   'whatwg-url': [ '14.2.0' ],
130 silly audit   wordwrap: [ '1.0.0' ],
130 silly audit   xtend: [ '4.0.2' ],
130 silly audit   resend: [ '4.2.0' ],
130 silly audit   '@react-email/render': [ '1.0.5' ],
130 silly audit   react: [ '19.1.0' ],
130 silly audit   'react-dom': [ '19.1.0' ],
130 silly audit   'html-to-text': [ '9.0.5' ],
130 silly audit   prettier: [ '3.4.2' ],
130 silly audit   'react-promise-suspense': [ '0.3.4' ],
130 silly audit   '@selderee/plugin-htmlparser2': [ '0.11.0' ],
130 silly audit   deepmerge: [ '4.3.1' ],
130 silly audit   'dom-serializer': [ '2.0.0' ],
130 silly audit   htmlparser2: [ '8.0.2' ],
130 silly audit   selderee: [ '0.11.0' ],
130 silly audit   domhandler: [ '5.0.3' ],
130 silly audit   domelementtype: [ '2.3.0' ],
130 silly audit   entities: [ '4.5.0' ],
130 silly audit   domutils: [ '3.2.2' ],
130 silly audit   scheduler: [ '0.26.0' ],
130 silly audit   'fast-deep-equal': [ '2.0.1' ],
130 silly audit   parseley: [ '0.12.1' ],
130 silly audit   leac: [ '0.6.0' ],
130 silly audit   peberminta: [ '0.9.0' ]
130 silly audit }
131 verbose reify failed optional dependency E:\backend learn\ecommerce_nodejs\node_modules\fsevents
132 silly reify mark deleted [ 'E:\\backend learn\\ecommerce_nodejs\\node_modules\\fsevents' ]
133 http cache leac@https://registry.npmjs.org/leac/-/leac-0.6.0.tgz 0ms (cache hit)
134 http cache peberminta@https://registry.npmjs.org/peberminta/-/peberminta-0.9.0.tgz 0ms (cache hit)
135 http cache parseley@https://registry.npmjs.org/parseley/-/parseley-0.12.1.tgz 0ms (cache hit)
136 http cache fast-deep-equal@https://registry.npmjs.org/fast-deep-equal/-/fast-deep-equal-2.0.1.tgz 0ms (cache hit)
137 http cache scheduler@https://registry.npmjs.org/scheduler/-/scheduler-0.26.0.tgz 0ms (cache hit)
138 http cache domutils@https://registry.npmjs.org/domutils/-/domutils-3.2.2.tgz 0ms (cache hit)
139 http cache domelementtype@https://registry.npmjs.org/domelementtype/-/domelementtype-2.3.0.tgz 0ms (cache hit)
140 http cache entities@https://registry.npmjs.org/entities/-/entities-4.5.0.tgz 0ms (cache hit)
141 http cache domhandler@https://registry.npmjs.org/domhandler/-/domhandler-5.0.3.tgz 0ms (cache hit)
142 http cache htmlparser2@https://registry.npmjs.org/htmlparser2/-/htmlparser2-8.0.2.tgz 0ms (cache hit)
143 http cache selderee@https://registry.npmjs.org/selderee/-/selderee-0.11.0.tgz 0ms (cache hit)
144 http cache dom-serializer@https://registry.npmjs.org/dom-serializer/-/dom-serializer-2.0.0.tgz 0ms (cache hit)
145 http cache deepmerge@https://registry.npmjs.org/deepmerge/-/deepmerge-4.3.1.tgz 0ms (cache hit)
146 http cache react-promise-suspense@https://registry.npmjs.org/react-promise-suspense/-/react-promise-suspense-0.3.4.tgz 0ms (cache hit)
147 http cache @selderee/plugin-htmlparser2@https://registry.npmjs.org/@selderee/plugin-htmlparser2/-/plugin-htmlparser2-0.11.0.tgz 0ms (cache hit)
148 http cache prettier@https://registry.npmjs.org/prettier/-/prettier-3.4.2.tgz 0ms (cache hit)
149 http cache react-dom@https://registry.npmjs.org/react-dom/-/react-dom-19.1.0.tgz 0ms (cache hit)
150 http cache react@https://registry.npmjs.org/react/-/react-19.1.0.tgz 0ms (cache hit)
151 http cache html-to-text@https://registry.npmjs.org/html-to-text/-/html-to-text-9.0.5.tgz 0ms (cache hit)
152 http cache @react-email/render@https://registry.npmjs.org/@react-email/render/-/render-1.0.5.tgz 0ms (cache hit)
153 http cache resend@https://registry.npmjs.org/resend/-/resend-4.2.0.tgz 1ms (cache hit)
154 silly tarball no local data for leac@https://registry.npmjs.org/leac/-/leac-0.6.0.tgz. Extracting by manifest.
155 silly tarball no local data for peberminta@https://registry.npmjs.org/peberminta/-/peberminta-0.9.0.tgz. Extracting by manifest.
156 silly tarball no local data for parseley@https://registry.npmjs.org/parseley/-/parseley-0.12.1.tgz. Extracting by manifest.
157 silly tarball no local data for fast-deep-equal@https://registry.npmjs.org/fast-deep-equal/-/fast-deep-equal-2.0.1.tgz. Extracting by manifest.
158 silly tarball no local data for scheduler@https://registry.npmjs.org/scheduler/-/scheduler-0.26.0.tgz. Extracting by manifest.
159 silly tarball no local data for domutils@https://registry.npmjs.org/domutils/-/domutils-3.2.2.tgz. Extracting by manifest.
160 silly tarball no local data for domelementtype@https://registry.npmjs.org/domelementtype/-/domelementtype-2.3.0.tgz. Extracting by manifest.
161 silly tarball no local data for entities@https://registry.npmjs.org/entities/-/entities-4.5.0.tgz. Extracting by manifest.
162 silly tarball no local data for domhandler@https://registry.npmjs.org/domhandler/-/domhandler-5.0.3.tgz. Extracting by manifest.
163 silly tarball no local data for htmlparser2@https://registry.npmjs.org/htmlparser2/-/htmlparser2-8.0.2.tgz. Extracting by manifest.
164 silly tarball no local data for selderee@https://registry.npmjs.org/selderee/-/selderee-0.11.0.tgz. Extracting by manifest.
165 silly tarball no local data for dom-serializer@https://registry.npmjs.org/dom-serializer/-/dom-serializer-2.0.0.tgz. Extracting by manifest.
166 silly tarball no local data for deepmerge@https://registry.npmjs.org/deepmerge/-/deepmerge-4.3.1.tgz. Extracting by manifest.
167 silly tarball no local data for react-promise-suspense@https://registry.npmjs.org/react-promise-suspense/-/react-promise-suspense-0.3.4.tgz. Extracting by manifest.
168 silly tarball no local data for @selderee/plugin-htmlparser2@https://registry.npmjs.org/@selderee/plugin-htmlparser2/-/plugin-htmlparser2-0.11.0.tgz. Extracting by manifest.
169 silly tarball no local data for prettier@https://registry.npmjs.org/prettier/-/prettier-3.4.2.tgz. Extracting by manifest.
170 silly tarball no local data for react-dom@https://registry.npmjs.org/react-dom/-/react-dom-19.1.0.tgz. Extracting by manifest.
171 silly tarball no local data for react@https://registry.npmjs.org/react/-/react-19.1.0.tgz. Extracting by manifest.
172 silly tarball no local data for html-to-text@https://registry.npmjs.org/html-to-text/-/html-to-text-9.0.5.tgz. Extracting by manifest.
173 silly tarball no local data for @react-email/render@https://registry.npmjs.org/@react-email/render/-/render-1.0.5.tgz. Extracting by manifest.
174 silly tarball no local data for resend@https://registry.npmjs.org/resend/-/resend-4.2.0.tgz. Extracting by manifest.
175 http fetch POST 200 https://registry.npmjs.org/-/npm/v1/security/advisories/bulk 429ms
176 silly audit report {}
177 http fetch GET 200 https://registry.npmjs.org/leac/-/leac-0.6.0.tgz 415ms (cache miss)
178 http fetch GET 200 https://registry.npmjs.org/@selderee/plugin-htmlparser2/-/plugin-htmlparser2-0.11.0.tgz 403ms (cache miss)
179 http fetch GET 200 https://registry.npmjs.org/fast-deep-equal/-/fast-deep-equal-2.0.1.tgz 471ms (cache miss)
180 http fetch GET 200 https://registry.npmjs.org/react-promise-suspense/-/react-promise-suspense-0.3.4.tgz 505ms (cache miss)
181 http fetch GET 200 https://registry.npmjs.org/domelementtype/-/domelementtype-2.3.0.tgz 758ms (cache miss)
182 http fetch GET 200 https://registry.npmjs.org/parseley/-/parseley-0.12.1.tgz 817ms (cache miss)
183 http fetch GET 200 https://registry.npmjs.org/peberminta/-/peberminta-0.9.0.tgz 831ms (cache miss)
184 http fetch GET 200 https://registry.npmjs.org/resend/-/resend-4.2.0.tgz 819ms (cache miss)
185 http fetch GET 200 https://registry.npmjs.org/deepmerge/-/deepmerge-4.3.1.tgz 853ms (cache miss)
186 http fetch GET 200 https://registry.npmjs.org/selderee/-/selderee-0.11.0.tgz 868ms (cache miss)
187 http fetch GET 200 https://registry.npmjs.org/scheduler/-/scheduler-0.26.0.tgz 933ms (cache miss)
188 http fetch GET 200 https://registry.npmjs.org/dom-serializer/-/dom-serializer-2.0.0.tgz 962ms (cache miss)
189 http fetch GET 200 https://registry.npmjs.org/html-to-text/-/html-to-text-9.0.5.tgz 966ms (cache miss)
190 http fetch GET 200 https://registry.npmjs.org/domhandler/-/domhandler-5.0.3.tgz 992ms (cache miss)
191 http fetch GET 200 https://registry.npmjs.org/@react-email/render/-/render-1.0.5.tgz 1430ms (cache miss)
192 http fetch GET 200 https://registry.npmjs.org/react/-/react-19.1.0.tgz 1500ms (cache miss)
193 http fetch GET 200 https://registry.npmjs.org/htmlparser2/-/htmlparser2-8.0.2.tgz 1775ms (cache miss)
194 http fetch GET 200 https://registry.npmjs.org/domutils/-/domutils-3.2.2.tgz 2077ms (cache miss)
195 http fetch GET 200 https://registry.npmjs.org/entities/-/entities-4.5.0.tgz 2112ms (cache miss)
196 http fetch GET 200 https://registry.npmjs.org/react-dom/-/react-dom-19.1.0.tgz 3027ms (cache miss)
197 http fetch GET 200 https://registry.npmjs.org/prettier/-/prettier-3.4.2.tgz 3129ms (cache miss)
198 silly ADD node_modules/peberminta
199 silly ADD node_modules/leac
200 silly ADD node_modules/parseley
201 silly ADD node_modules/fast-deep-equal
202 silly ADD node_modules/scheduler
203 silly ADD node_modules/domutils
204 silly ADD node_modules/entities
205 silly ADD node_modules/domelementtype
206 silly ADD node_modules/domhandler
207 silly ADD node_modules/selderee
208 silly ADD node_modules/htmlparser2
209 silly ADD node_modules/dom-serializer
210 silly ADD node_modules/deepmerge
211 silly ADD node_modules/@selderee/plugin-htmlparser2
212 silly ADD node_modules/react-promise-suspense
213 silly ADD node_modules/prettier
214 silly ADD node_modules/html-to-text
215 silly ADD node_modules/react-dom
216 silly ADD node_modules/react
217 silly ADD node_modules/@react-email/render
218 silly ADD node_modules/resend
219 silly ADD
220 verbose cwd E:\backend learn\ecommerce_nodejs
221 verbose os Windows_NT 10.0.19045
222 verbose node v22.14.0
223 verbose npm  v11.1.0
224 notice
224 notice New [33mminor[39m version of npm available! [33m11.1.0[39m -> [34m11.3.0[39m
224 notice Changelog: [34mhttps://github.com/npm/cli/releases/tag/v11.3.0[39m
224 notice To update run: [4mnpm install -g npm@11.3.0[24m
224 notice  { force: true, [Symbol(proc-log.meta)]: true }
225 verbose exit 0
226 info ok
